0 info it worked if it ends with ok
1 verbose cli [ '/home/thach/.nvm/versions/node/v6.11.4/bin/node',
1 verbose cli   '/home/thach/.nvm/versions/node/v6.11.4/bin/npm',
1 verbose cli   'start' ]
2 info using npm@3.10.10
3 info using node@v6.11.4
4 verbose run-script [ 'prestart', 'start', 'poststart' ]
5 info lifecycle hydroponic@0.0.0~prestart: hydroponic@0.0.0
6 silly lifecycle hydroponic@0.0.0~prestart: no script for prestart, continuing
7 info lifecycle hydroponic@0.0.0~start: hydroponic@0.0.0
8 verbose lifecycle hydroponic@0.0.0~start: unsafe-perm in lifecycle true
9 verbose lifecycle hydroponic@0.0.0~start: PATH: /home/thach/.nvm/versions/node/v6.11.4/lib/node_modules/npm/bin/node-gyp-bin:/home/thach/Documents/TTTN/hydroponic/node_modules/.bin:/home/thach/bin:/home/thach/.local/bin:/home/thach/.nvm/versions/node/v6.11.4/bin:/usr/local/sbin:/usr/local/bin:/usr/bin:/opt/android-sdk/platform-tools:/usr/lib/jvm/default/bin:/usr/bin/site_perl:/usr/bin/vendor_perl:/usr/bin/core_perl:/usr/lib/jvm/java-8-jdk/bin:/usr/lib/jvm/java-8-jdk/jre/bin:/home/thach/Android/Sdk/bin:/home/thach/Android/Sdk/tools:/home/thach/Android/Sdk/platform-tools
10 verbose lifecycle hydroponic@0.0.0~start: CWD: /home/thach/Documents/TTTN/hydroponic
11 silly lifecycle hydroponic@0.0.0~start: Args: [ '-c', 'node ./run/www' ]
12 silly lifecycle hydroponic@0.0.0~start: Returned: code: 1  signal: null
13 info lifecycle hydroponic@0.0.0~start: Failed to exec start script
14 verbose stack Error: hydroponic@0.0.0 start: `node ./run/www`
14 verbose stack Exit status 1
14 verbose stack     at EventEmitter.<anonymous> (/home/thach/.nvm/versions/node/v6.11.4/lib/node_modules/npm/lib/utils/lifecycle.js:255:16)
14 verbose stack     at emitTwo (events.js:106:13)
14 verbose stack     at EventEmitter.emit (events.js:191:7)
14 verbose stack     at ChildProcess.<anonymous> (/home/thach/.nvm/versions/node/v6.11.4/lib/node_modules/npm/lib/utils/spawn.js:40:14)
14 verbose stack     at emitTwo (events.js:106:13)
14 verbose stack     at ChildProcess.emit (events.js:191:7)
14 verbose stack     at maybeClose (internal/child_process.js:920:16)
14 verbose stack     at Process.ChildProcess._handle.onexit (internal/child_process.js:230:5)
15 verbose pkgid hydroponic@0.0.0
16 verbose cwd /home/thach/Documents/TTTN/hydroponic
17 error Linux 4.14.5-1-MANJARO
18 error argv "/home/thach/.nvm/versions/node/v6.11.4/bin/node" "/home/thach/.nvm/versions/node/v6.11.4/bin/npm" "start"
19 error node v6.11.4
20 error npm  v3.10.10
21 error code ELIFECYCLE
22 error hydroponic@0.0.0 start: `node ./run/www`
22 error Exit status 1
23 error Failed at the hydroponic@0.0.0 start script 'node ./run/www'.
23 error Make sure you have the latest version of node.js and npm installed.
23 error If you do, this is most likely a problem with the hydroponic package,
23 error not with npm itself.
23 error Tell the author that this fails on your system:
23 error     node ./run/www
23 error You can get information on how to open an issue for this project with:
23 error     npm bugs hydroponic
23 error Or if that isn't available, you can get their info via:
23 error     npm owner ls hydroponic
23 error There is likely additional logging output above.
24 verbose exit [ 1, true ]
