12:20:33.862 ERROR connect ECONNREFUSED 127.0.0.1:5432
SequelizeConnectionRefusedError: connect ECONNREFUSED 127.0.0.1:5432
    at /home/thach/Documents/TTTN/hydroponic/node_modules/sequelize/lib/dialects/postgres/connection-manager.js:98:20
    at Client.<anonymous> (/home/thach/Documents/TTTN/hydroponic/node_modules/pg/lib/client.js:203:5)
    at emitOne (events.js:96:13)
    at Connection.emit (events.js:188:7)
    at Socket.<anonymous> (/home/thach/Documents/TTTN/hydroponic/node_modules/pg/lib/connection.js:86:10)
    at emitOne (events.js:96:13)
    at Socket.emit (events.js:188:7)
    at emitErrorNT (net.js:1281:8)
    at _combinedTickCallback (internal/process/next_tick.js:80:11)
    at process._tickCallback (internal/process/next_tick.js:104:9) 
12:21:09.155 INFO  Admin account was created 
12:21:10.249 INFO  subscribe success to device/112233445566/server 
12:21:10.617 INFO  subscribe success to device/223344556677/server 
12:28:51.122 INFO  Admin account was created 
12:28:52.094 INFO  subscribe success to device/112233445566/server 
12:28:52.436 INFO  subscribe success to device/223344556677/server 
12:28:52.436 INFO  subscribe success to device/334455667788/server 
12:29:41.994 INFO  subscribe success after add new device 
12:32:29.995 INFO  Admin account was created 
12:32:31.554 INFO  subscribe success to device/112233445566/server 
12:32:31.924 INFO  subscribe success to device/334455667788/server 
12:38:09.342 INFO  Admin account was created 
12:38:13.124 INFO  subscribe success to device/112233445566/server 
12:38:13.125 INFO  subscribe success to device/334455667788/server 
12:39:38.077 INFO  Admin account was created 
12:39:38.608 INFO  subscribe success to device/112233445566/server 
12:39:38.934 INFO  subscribe success to device/334455667788/server 
12:41:27.571 INFO  Admin account was created 
12:41:30.226 INFO  subscribe success to device/112233445566/server 
12:41:31.252 INFO  subscribe success to device/334455667788/server 
12:50:13.023 INFO  Admin account was created 
12:50:15.029 INFO  subscribe success to device/112233445566/server 
12:50:19.881 INFO  subscribe success to device/334455667788/server 
12:51:46.120 INFO  Admin account created 
12:52:57.087 INFO  Admin account was created 
12:54:54.099 INFO  Admin account was created 
12:55:31.073 INFO  Admin account was created 
12:56:32.742 INFO  Admin account was created 
12:56:35.317 INFO  subscribe success to device/334455667788/server 
12:56:35.883 INFO  subscribe success to device/112233445566/server 
13:01:58.845 INFO  Admin account was created 
13:02:00.505 INFO  subscribe success to device/334455667788/server 
13:02:00.505 INFO  subscribe success to device/112233445566/server 
13:03:32.093 INFO  Admin account was created 
13:03:33.796 INFO  subscribe success to device/112233445566/server 
13:03:33.796 INFO  subscribe success to device/334455667788/server 
15:55:57.614 INFO  Admin account was created 
15:55:58.612 INFO  subscribe success to device/112233445566/server 
15:55:58.941 INFO  subscribe success to device/334455667788/server 
16:00:18.170 INFO  Admin account was created 
16:00:18.777 INFO  subscribe success to device/112233445566/server 
16:00:19.147 INFO  subscribe success to device/334455667788/server 
16:02:12.591 INFO  Admin account was created 
21:26:12.507 INFO  Admin account was created 
22:19:44.223 INFO  Admin account was created 
22:41:52.075 INFO  Admin account was created 
22:43:46.695 INFO  Admin account was created 
22:45:37.003 INFO  Admin account was created 
