15:16:37.766 INFO  subscribe success to device/112233445566/server 
15:16:37.947 INFO  Admin account was created 
15:23:10.451 INFO  subscribe success to device/112233445566/server 
15:23:10.636 INFO  Admin account was created 
15:26:13.517 ERROR Incoming data is not right format 
15:31:50.571 ERROR Incoming data is not right format 
15:53:27.293 ERROR Incoming data is not right format 
16:02:50.463 ERROR Incoming data is not right format 
16:03:46.334 ERROR Incoming data is not right format 
16:31:57.986 INFO  subscribe success to device/112233445566/server 
16:31:58.083 INFO  Admin account was created 
16:32:10.129 ERROR notNull Violation: name cannot be null
SequelizeValidationError: notNull Violation: name cannot be null
    at /home/thach/Documents/TTTN/hydroponic/node_modules/sequelize/lib/instance-validator.js:74:14
    at tryCatcher (/home/thach/Documents/TTTN/hydroponic/node_modules/bluebird/js/release/util.js:16:23)
    at Promise._settlePromiseFromHandler (/home/thach/Documents/TTTN/hydroponic/node_modules/bluebird/js/release/promise.js:512:31)
    at Promise._settlePromise (/home/thach/Documents/TTTN/hydroponic/node_modules/bluebird/js/release/promise.js:569:18)
    at Promise._settlePromise0 (/home/thach/Documents/TTTN/hydroponic/node_modules/bluebird/js/release/promise.js:614:10)
    at Promise._settlePromises (/home/thach/Documents/TTTN/hydroponic/node_modules/bluebird/js/release/promise.js:693:18)
    at Promise._fulfill (/home/thach/Documents/TTTN/hydroponic/node_modules/bluebird/js/release/promise.js:638:18)
    at PromiseArray._resolve (/home/thach/Documents/TTTN/hydroponic/node_modules/bluebird/js/release/promise_array.js:126:19)
    at PromiseArray._promiseFulfilled (/home/thach/Documents/TTTN/hydroponic/node_modules/bluebird/js/release/promise_array.js:144:14)
    at Promise._settlePromise (/home/thach/Documents/TTTN/hydroponic/node_modules/bluebird/js/release/promise.js:574:26)
    at Promise._settlePromise0 (/home/thach/Documents/TTTN/hydroponic/node_modules/bluebird/js/release/promise.js:614:10)
    at Promise._settlePromises (/home/thach/Documents/TTTN/hydroponic/node_modules/bluebird/js/release/promise.js:693:18)
    at Async._drainQueue (/home/thach/Documents/TTTN/hydroponic/node_modules/bluebird/js/release/async.js:133:16)
    at Async._drainQueues (/home/thach/Documents/TTTN/hydroponic/node_modules/bluebird/js/release/async.js:143:10)
    at Immediate.Async.drainQueues (/home/thach/Documents/TTTN/hydroponic/node_modules/bluebird/js/release/async.js:17:14)
    at runCallback (timers.js:672:20)
    at tryOnImmediate (timers.js:645:5)
    at processImmediate [as _immediateCallback] (timers.js:617:5) 
16:32:14.939 ERROR notNull Violation: name cannot be null
SequelizeValidationError: notNull Violation: name cannot be null
    at /home/thach/Documents/TTTN/hydroponic/node_modules/sequelize/lib/instance-validator.js:74:14
    at tryCatcher (/home/thach/Documents/TTTN/hydroponic/node_modules/bluebird/js/release/util.js:16:23)
    at Promise._settlePromiseFromHandler (/home/thach/Documents/TTTN/hydroponic/node_modules/bluebird/js/release/promise.js:512:31)
    at Promise._settlePromise (/home/thach/Documents/TTTN/hydroponic/node_modules/bluebird/js/release/promise.js:569:18)
    at Promise._settlePromise0 (/home/thach/Documents/TTTN/hydroponic/node_modules/bluebird/js/release/promise.js:614:10)
    at Promise._settlePromises (/home/thach/Documents/TTTN/hydroponic/node_modules/bluebird/js/release/promise.js:693:18)
    at Promise._fulfill (/home/thach/Documents/TTTN/hydroponic/node_modules/bluebird/js/release/promise.js:638:18)
    at PromiseArray._resolve (/home/thach/Documents/TTTN/hydroponic/node_modules/bluebird/js/release/promise_array.js:126:19)
    at PromiseArray._promiseFulfilled (/home/thach/Documents/TTTN/hydroponic/node_modules/bluebird/js/release/promise_array.js:144:14)
    at Promise._settlePromise (/home/thach/Documents/TTTN/hydroponic/node_modules/bluebird/js/release/promise.js:574:26)
    at Promise._settlePromise0 (/home/thach/Documents/TTTN/hydroponic/node_modules/bluebird/js/release/promise.js:614:10)
    at Promise._settlePromises (/home/thach/Documents/TTTN/hydroponic/node_modules/bluebird/js/release/promise.js:693:18)
    at Async._drainQueue (/home/thach/Documents/TTTN/hydroponic/node_modules/bluebird/js/release/async.js:133:16)
    at Async._drainQueues (/home/thach/Documents/TTTN/hydroponic/node_modules/bluebird/js/release/async.js:143:10)
    at Immediate.Async.drainQueues (/home/thach/Documents/TTTN/hydroponic/node_modules/bluebird/js/release/async.js:17:14)
    at runCallback (timers.js:672:20)
    at tryOnImmediate (timers.js:645:5)
    at processImmediate [as _immediateCallback] (timers.js:617:5) 
16:32:27.568 ERROR notNull Violation: name cannot be null
SequelizeValidationError: notNull Violation: name cannot be null
    at /home/thach/Documents/TTTN/hydroponic/node_modules/sequelize/lib/instance-validator.js:74:14
    at tryCatcher (/home/thach/Documents/TTTN/hydroponic/node_modules/bluebird/js/release/util.js:16:23)
    at Promise._settlePromiseFromHandler (/home/thach/Documents/TTTN/hydroponic/node_modules/bluebird/js/release/promise.js:512:31)
    at Promise._settlePromise (/home/thach/Documents/TTTN/hydroponic/node_modules/bluebird/js/release/promise.js:569:18)
    at Promise._settlePromise0 (/home/thach/Documents/TTTN/hydroponic/node_modules/bluebird/js/release/promise.js:614:10)
    at Promise._settlePromises (/home/thach/Documents/TTTN/hydroponic/node_modules/bluebird/js/release/promise.js:693:18)
    at Promise._fulfill (/home/thach/Documents/TTTN/hydroponic/node_modules/bluebird/js/release/promise.js:638:18)
    at PromiseArray._resolve (/home/thach/Documents/TTTN/hydroponic/node_modules/bluebird/js/release/promise_array.js:126:19)
    at PromiseArray._promiseFulfilled (/home/thach/Documents/TTTN/hydroponic/node_modules/bluebird/js/release/promise_array.js:144:14)
    at Promise._settlePromise (/home/thach/Documents/TTTN/hydroponic/node_modules/bluebird/js/release/promise.js:574:26)
    at Promise._settlePromise0 (/home/thach/Documents/TTTN/hydroponic/node_modules/bluebird/js/release/promise.js:614:10)
    at Promise._settlePromises (/home/thach/Documents/TTTN/hydroponic/node_modules/bluebird/js/release/promise.js:693:18)
    at Async._drainQueue (/home/thach/Documents/TTTN/hydroponic/node_modules/bluebird/js/release/async.js:133:16)
    at Async._drainQueues (/home/thach/Documents/TTTN/hydroponic/node_modules/bluebird/js/release/async.js:143:10)
    at Immediate.Async.drainQueues (/home/thach/Documents/TTTN/hydroponic/node_modules/bluebird/js/release/async.js:17:14)
    at runCallback (timers.js:672:20)
    at tryOnImmediate (timers.js:645:5)
    at processImmediate [as _immediateCallback] (timers.js:617:5) 
16:32:51.205 ERROR notNull Violation: name cannot be null
SequelizeValidationError: notNull Violation: name cannot be null
    at /home/thach/Documents/TTTN/hydroponic/node_modules/sequelize/lib/instance-validator.js:74:14
    at tryCatcher (/home/thach/Documents/TTTN/hydroponic/node_modules/bluebird/js/release/util.js:16:23)
    at Promise._settlePromiseFromHandler (/home/thach/Documents/TTTN/hydroponic/node_modules/bluebird/js/release/promise.js:512:31)
    at Promise._settlePromise (/home/thach/Documents/TTTN/hydroponic/node_modules/bluebird/js/release/promise.js:569:18)
    at Promise._settlePromise0 (/home/thach/Documents/TTTN/hydroponic/node_modules/bluebird/js/release/promise.js:614:10)
    at Promise._settlePromises (/home/thach/Documents/TTTN/hydroponic/node_modules/bluebird/js/release/promise.js:693:18)
    at Promise._fulfill (/home/thach/Documents/TTTN/hydroponic/node_modules/bluebird/js/release/promise.js:638:18)
    at PromiseArray._resolve (/home/thach/Documents/TTTN/hydroponic/node_modules/bluebird/js/release/promise_array.js:126:19)
    at PromiseArray._promiseFulfilled (/home/thach/Documents/TTTN/hydroponic/node_modules/bluebird/js/release/promise_array.js:144:14)
    at Promise._settlePromise (/home/thach/Documents/TTTN/hydroponic/node_modules/bluebird/js/release/promise.js:574:26)
    at Promise._settlePromise0 (/home/thach/Documents/TTTN/hydroponic/node_modules/bluebird/js/release/promise.js:614:10)
    at Promise._settlePromises (/home/thach/Documents/TTTN/hydroponic/node_modules/bluebird/js/release/promise.js:693:18)
    at Async._drainQueue (/home/thach/Documents/TTTN/hydroponic/node_modules/bluebird/js/release/async.js:133:16)
    at Async._drainQueues (/home/thach/Documents/TTTN/hydroponic/node_modules/bluebird/js/release/async.js:143:10)
    at Immediate.Async.drainQueues (/home/thach/Documents/TTTN/hydroponic/node_modules/bluebird/js/release/async.js:17:14)
    at runCallback (timers.js:672:20)
    at tryOnImmediate (timers.js:645:5)
    at processImmediate [as _immediateCallback] (timers.js:617:5) 
16:32:57.557 ERROR notNull Violation: name cannot be null
SequelizeValidationError: notNull Violation: name cannot be null
    at /home/thach/Documents/TTTN/hydroponic/node_modules/sequelize/lib/instance-validator.js:74:14
    at tryCatcher (/home/thach/Documents/TTTN/hydroponic/node_modules/bluebird/js/release/util.js:16:23)
    at Promise._settlePromiseFromHandler (/home/thach/Documents/TTTN/hydroponic/node_modules/bluebird/js/release/promise.js:512:31)
    at Promise._settlePromise (/home/thach/Documents/TTTN/hydroponic/node_modules/bluebird/js/release/promise.js:569:18)
    at Promise._settlePromise0 (/home/thach/Documents/TTTN/hydroponic/node_modules/bluebird/js/release/promise.js:614:10)
    at Promise._settlePromises (/home/thach/Documents/TTTN/hydroponic/node_modules/bluebird/js/release/promise.js:693:18)
    at Promise._fulfill (/home/thach/Documents/TTTN/hydroponic/node_modules/bluebird/js/release/promise.js:638:18)
    at PromiseArray._resolve (/home/thach/Documents/TTTN/hydroponic/node_modules/bluebird/js/release/promise_array.js:126:19)
    at PromiseArray._promiseFulfilled (/home/thach/Documents/TTTN/hydroponic/node_modules/bluebird/js/release/promise_array.js:144:14)
    at Promise._settlePromise (/home/thach/Documents/TTTN/hydroponic/node_modules/bluebird/js/release/promise.js:574:26)
    at Promise._settlePromise0 (/home/thach/Documents/TTTN/hydroponic/node_modules/bluebird/js/release/promise.js:614:10)
    at Promise._settlePromises (/home/thach/Documents/TTTN/hydroponic/node_modules/bluebird/js/release/promise.js:693:18)
    at Async._drainQueue (/home/thach/Documents/TTTN/hydroponic/node_modules/bluebird/js/release/async.js:133:16)
    at Async._drainQueues (/home/thach/Documents/TTTN/hydroponic/node_modules/bluebird/js/release/async.js:143:10)
    at Immediate.Async.drainQueues (/home/thach/Documents/TTTN/hydroponic/node_modules/bluebird/js/release/async.js:17:14)
    at runCallback (timers.js:672:20)
    at tryOnImmediate (timers.js:645:5)
    at processImmediate [as _immediateCallback] (timers.js:617:5) 
16:33:17.767 INFO  subscribe success to device/112233445566/server 
16:33:17.888 INFO  Admin account was created 
16:33:24.840 ERROR notNull Violation: name cannot be null
SequelizeValidationError: notNull Violation: name cannot be null
    at /home/thach/Documents/TTTN/hydroponic/node_modules/sequelize/lib/instance-validator.js:74:14
    at tryCatcher (/home/thach/Documents/TTTN/hydroponic/node_modules/bluebird/js/release/util.js:16:23)
    at Promise._settlePromiseFromHandler (/home/thach/Documents/TTTN/hydroponic/node_modules/bluebird/js/release/promise.js:512:31)
    at Promise._settlePromise (/home/thach/Documents/TTTN/hydroponic/node_modules/bluebird/js/release/promise.js:569:18)
    at Promise._settlePromise0 (/home/thach/Documents/TTTN/hydroponic/node_modules/bluebird/js/release/promise.js:614:10)
    at Promise._settlePromises (/home/thach/Documents/TTTN/hydroponic/node_modules/bluebird/js/release/promise.js:693:18)
    at Promise._fulfill (/home/thach/Documents/TTTN/hydroponic/node_modules/bluebird/js/release/promise.js:638:18)
    at PromiseArray._resolve (/home/thach/Documents/TTTN/hydroponic/node_modules/bluebird/js/release/promise_array.js:126:19)
    at PromiseArray._promiseFulfilled (/home/thach/Documents/TTTN/hydroponic/node_modules/bluebird/js/release/promise_array.js:144:14)
    at Promise._settlePromise (/home/thach/Documents/TTTN/hydroponic/node_modules/bluebird/js/release/promise.js:574:26)
    at Promise._settlePromise0 (/home/thach/Documents/TTTN/hydroponic/node_modules/bluebird/js/release/promise.js:614:10)
    at Promise._settlePromises (/home/thach/Documents/TTTN/hydroponic/node_modules/bluebird/js/release/promise.js:693:18)
    at Async._drainQueue (/home/thach/Documents/TTTN/hydroponic/node_modules/bluebird/js/release/async.js:133:16)
    at Async._drainQueues (/home/thach/Documents/TTTN/hydroponic/node_modules/bluebird/js/release/async.js:143:10)
    at Immediate.Async.drainQueues (/home/thach/Documents/TTTN/hydroponic/node_modules/bluebird/js/release/async.js:17:14)
    at runCallback (timers.js:672:20)
    at tryOnImmediate (timers.js:645:5)
    at processImmediate [as _immediateCallback] (timers.js:617:5) 
16:33:28.348 ERROR notNull Violation: name cannot be null
SequelizeValidationError: notNull Violation: name cannot be null
    at /home/thach/Documents/TTTN/hydroponic/node_modules/sequelize/lib/instance-validator.js:74:14
    at tryCatcher (/home/thach/Documents/TTTN/hydroponic/node_modules/bluebird/js/release/util.js:16:23)
    at Promise._settlePromiseFromHandler (/home/thach/Documents/TTTN/hydroponic/node_modules/bluebird/js/release/promise.js:512:31)
    at Promise._settlePromise (/home/thach/Documents/TTTN/hydroponic/node_modules/bluebird/js/release/promise.js:569:18)
    at Promise._settlePromise0 (/home/thach/Documents/TTTN/hydroponic/node_modules/bluebird/js/release/promise.js:614:10)
    at Promise._settlePromises (/home/thach/Documents/TTTN/hydroponic/node_modules/bluebird/js/release/promise.js:693:18)
    at Promise._fulfill (/home/thach/Documents/TTTN/hydroponic/node_modules/bluebird/js/release/promise.js:638:18)
    at PromiseArray._resolve (/home/thach/Documents/TTTN/hydroponic/node_modules/bluebird/js/release/promise_array.js:126:19)
    at PromiseArray._promiseFulfilled (/home/thach/Documents/TTTN/hydroponic/node_modules/bluebird/js/release/promise_array.js:144:14)
    at Promise._settlePromise (/home/thach/Documents/TTTN/hydroponic/node_modules/bluebird/js/release/promise.js:574:26)
    at Promise._settlePromise0 (/home/thach/Documents/TTTN/hydroponic/node_modules/bluebird/js/release/promise.js:614:10)
    at Promise._settlePromises (/home/thach/Documents/TTTN/hydroponic/node_modules/bluebird/js/release/promise.js:693:18)
    at Async._drainQueue (/home/thach/Documents/TTTN/hydroponic/node_modules/bluebird/js/release/async.js:133:16)
    at Async._drainQueues (/home/thach/Documents/TTTN/hydroponic/node_modules/bluebird/js/release/async.js:143:10)
    at Immediate.Async.drainQueues (/home/thach/Documents/TTTN/hydroponic/node_modules/bluebird/js/release/async.js:17:14)
    at runCallback (timers.js:672:20)
    at tryOnImmediate (timers.js:645:5)
    at processImmediate [as _immediateCallback] (timers.js:617:5) 
17:11:47.854 ERROR Incoming data is not right format 
17:12:23.324 ERROR Incoming data is not right format 
17:13:45.223 ERROR Incoming data is not right format 
17:14:09.776 ERROR Incoming data is not right format 
17:16:02.997 ERROR Incoming data is not right format 
17:17:05.358 ERROR Incoming data is not right format 
17:19:42.824 ERROR Incoming data is not right format 
17:21:07.804 ERROR Incoming data is not right format 
17:21:23.529 ERROR Incoming data is not right format 
17:24:27.910 ERROR Incoming data is not right format 
17:27:35.874 ERROR Incoming data is not right format 
17:28:13.458 ERROR Incoming data is not right format 
17:29:39.271 ERROR Incoming data is not right format 
