10:44:52.015 INFO  Admin account was created 
10:45:01.750 INFO  subscribe success to device/112233445566/server 
10:45:03.169 INFO  6 add data success to running crop 
10:45:04.418 INFO  Notify sucess: {"message_id":4837352662488589990} 
10:45:06.745 INFO  Notify sucess: {"message_id":5627570260385242592} 
10:45:08.000 INFO  6 add data success to running crop 
10:45:08.785 INFO  Notify sucess: {"message_id":7459808791296004819} 
10:45:11.855 INFO  Notify sucess: {"message_id":4872733674194062799} 
10:45:11.862 INFO  Notify sucess: {"message_id":7668960816852055161} 
10:45:11.866 INFO  Notify sucess: {"message_id":5840322291879979318} 
10:45:13.437 INFO  6 add data success to running crop 
10:45:16.191 INFO  Notify sucess: {"message_id":8595131962890279443} 
10:45:16.210 INFO  Notify sucess: {"message_id":8572903133526403562} 
10:45:16.223 INFO  Notify sucess: {"message_id":7118606608883038438} 
10:45:16.223 INFO  Notify sucess: {"message_id":6611206292186314390} 
10:45:17.570 INFO  No running or pending crop 
10:45:22.331 INFO  No running or pending crop 
10:45:27.413 INFO  No running or pending crop 
10:45:32.287 INFO  No running or pending crop 
10:45:37.488 INFO  No running or pending crop 
10:45:42.287 INFO  No running or pending crop 
10:45:47.321 INFO  No running or pending crop 
10:45:52.314 INFO  No running or pending crop 
10:45:57.293 INFO  No running or pending crop 
10:46:02.454 INFO  No running or pending crop 
10:46:07.307 INFO  No running or pending crop 
10:46:12.722 INFO  No running or pending crop 
10:46:23.697 INFO  subscribe success to device/112233445566/server 
10:46:23.812 INFO  Admin account was created 
10:46:27.474 INFO  No running or pending crop 
10:46:35.207 INFO  No running or pending crop 
10:46:42.399 INFO  No running or pending crop 
10:46:43.823 INFO  No running or pending crop 
10:46:54.819 INFO  No running or pending crop 
10:46:59.337 INFO  No running or pending crop 
10:47:00.628 INFO  No running or pending crop 
10:47:02.309 INFO  No running or pending crop 
10:47:12.729 INFO  No running or pending crop 
10:47:14.095 INFO  No running or pending crop 
10:47:18.650 INFO  No running or pending crop 
10:47:22.659 INFO  No running or pending crop 
10:47:27.467 INFO  No running or pending crop 
10:47:33.915 INFO  No running or pending crop 
10:47:44.663 INFO  No running or pending crop 
10:47:45.757 INFO  No running or pending crop 
10:47:47.310 INFO  No running or pending crop 
10:47:57.060 INFO  No running or pending crop 
10:48:00.877 INFO  No running or pending crop 
10:48:02.256 INFO  No running or pending crop 
10:48:12.848 INFO  No running or pending crop 
10:48:13.492 INFO  No running or pending crop 
10:48:17.508 INFO  No running or pending crop 
10:48:22.303 INFO  No running or pending crop 
10:48:25.982 ERROR Incoming data is not right format 
10:48:26.151 ERROR Incoming data is not right format 
10:49:16.446 INFO  Admin account was created 
10:49:16.622 INFO  subscribe success to device/112233445566/server 
10:49:17.455 INFO  7 update crop status success 
10:49:22.317 INFO  7 add data success to running crop 
10:49:27.625 INFO  7 add data success to running crop 
10:49:32.352 INFO  7 add data success to running crop 
10:49:37.493 INFO  7 add data success to running crop 
10:49:42.441 INFO  7 add data success to running crop 
10:49:47.375 INFO  7 add data success to running crop 
10:49:52.456 INFO  7 add data success to running crop 
10:49:57.323 INFO  7 add data success to running crop 
10:50:02.374 INFO  7 add data success to running crop 
10:50:03.163 INFO  Notify sucess: {"message_id":8648618973440542679} 
10:50:03.452 INFO  Notify sucess: {"message_id":4621448153765341084} 
10:50:03.454 INFO  Notify sucess: {"message_id":5201194892639131729} 
10:50:03.464 INFO  Notify sucess: {"message_id":7251582630897419434} 
10:50:07.471 INFO  7 add data success to running crop 
10:50:08.131 INFO  Notify sucess: {"message_id":5200553789686479918} 
10:50:08.134 INFO  Notify sucess: {"message_id":5958299354723132222} 
10:50:08.160 INFO  Notify sucess: {"message_id":8383594389861199973} 
10:50:08.172 INFO  Notify sucess: {"message_id":6883717943328928004} 
10:50:12.555 INFO  7 add data success to running crop 
10:50:13.267 INFO  Notify sucess: {"message_id":6773061457696091450} 
10:50:13.269 INFO  Notify sucess: {"message_id":8069916025770363167} 
10:50:13.269 INFO  Notify sucess: {"message_id":5023716908561863210} 
10:50:13.315 INFO  Notify sucess: {"message_id":6200254491487576376} 
10:50:17.424 INFO  7 add data success to running crop 
10:50:18.163 INFO  Notify sucess: {"message_id":5214772531982090867} 
10:50:18.576 INFO  Notify sucess: {"message_id":5960199458085729986} 
10:50:18.579 INFO  Notify sucess: {"message_id":8851277178450809328} 
10:50:18.589 INFO  Notify sucess: {"message_id":6179170202256128510} 
10:50:23.331 INFO  7 add data success to running crop 
10:50:24.083 INFO  Notify sucess: {"message_id":8424907838177642959} 
10:50:24.763 INFO  Notify sucess: {"message_id":6470453992864694901} 
10:50:24.841 INFO  Notify sucess: {"message_id":5622631228324526675} 
10:50:27.053 INFO  Notify sucess: {"message_id":7410466461540533429} 
10:50:28.500 INFO  7 add data success to running crop 
10:50:29.359 INFO  Notify sucess: {"message_id":6497257350914213975} 
10:50:29.361 INFO  Notify sucess: {"message_id":6834594599306014208} 
10:50:29.676 INFO  Notify sucess: {"message_id":7172790597434373626} 
10:50:29.678 INFO  Notify sucess: {"message_id":7248449335824918687} 
10:50:32.936 INFO  7 add data success to running crop 
10:50:33.942 INFO  Notify sucess: {"message_id":8452040052611192666} 
10:50:33.947 INFO  Notify sucess: {"message_id":5551384785314984290} 
10:50:35.033 INFO  Notify sucess: {"message_id":7735549605148624202} 
10:50:35.049 INFO  Notify sucess: {"message_id":7983651361292625605} 
10:50:37.537 INFO  7 add data success to running crop 
10:50:38.464 INFO  Notify sucess: {"message_id":8674833689773623029} 
10:50:38.466 INFO  Notify sucess: {"message_id":4897608081029586560} 
10:50:38.466 INFO  Notify sucess: {"message_id":6880375481295403205} 
10:50:38.798 INFO  Notify sucess: {"message_id":6328734993835707310} 
10:50:42.322 INFO  7 add data success to running crop 
10:50:43.250 INFO  Notify sucess: {"message_id":5390296287989984211} 
10:50:43.331 INFO  Notify sucess: {"message_id":6895631458622258450} 
10:50:43.631 INFO  Notify sucess: {"message_id":7178323514939730997} 
10:50:43.909 INFO  Notify sucess: {"message_id":6129541249004369737} 
10:50:47.394 INFO  7 add data success to running crop 
10:50:48.410 INFO  Notify sucess: {"message_id":8951644893317474685} 
10:50:48.412 INFO  Notify sucess: {"message_id":5402623670862079401} 
10:50:48.414 INFO  Notify sucess: {"message_id":8325948250903132966} 
10:50:48.451 INFO  Notify sucess: {"message_id":4731442843093095154} 
10:50:52.640 INFO  7 add data success to running crop 
10:50:53.384 INFO  Notify sucess: {"message_id":7075584307007162725} 
10:50:53.916 INFO  Notify sucess: {"message_id":5015384279193758643} 
10:50:55.368 INFO  Notify sucess: {"message_id":6001155005241269477} 
10:50:55.369 INFO  Notify sucess: {"message_id":5302615996049127250} 
10:50:57.296 INFO  7 add data success to running crop 
10:50:58.282 INFO  Notify sucess: {"message_id":7837211185535778757} 
10:50:58.285 INFO  Notify sucess: {"message_id":6255476698650395069} 
10:50:58.286 INFO  Notify sucess: {"message_id":4691605807762684036} 
10:50:58.463 INFO  Notify sucess: {"message_id":7498926257747187969} 
10:51:02.987 INFO  7 add data success to running crop 
10:51:04.286 INFO  Notify sucess: {"message_id":8160419816450731675} 
10:51:04.291 INFO  Notify sucess: {"message_id":8522253002958007235} 
10:51:04.291 INFO  Notify sucess: {"message_id":6986702270607586138} 
10:51:05.319 INFO  Notify sucess: {"message_id":8046771539818800923} 
10:51:08.128 INFO  7 add data success to running crop 
10:51:09.647 INFO  Notify sucess: {"message_id":5836416443235937406} 
10:51:09.812 INFO  Notify sucess: {"message_id":5889948335176415854} 
10:51:09.815 INFO  Notify sucess: {"message_id":5199878104044405690} 
10:51:10.186 INFO  Notify sucess: {"message_id":7775800926426999893} 
10:51:13.313 INFO  7 add data success to running crop 
10:51:14.772 INFO  Notify sucess: {"message_id":6152050422748454776} 
10:51:14.871 INFO  Notify sucess: {"message_id":8947049702505427478} 
10:51:14.874 INFO  Notify sucess: {"message_id":6358287479984577304} 
10:51:15.003 INFO  Notify sucess: {"message_id":7758897078550146349} 
10:51:17.250 INFO  7 add data success to running crop 
10:51:18.088 INFO  Notify sucess: {"message_id":4714000774401066279} 
10:51:18.153 INFO  Notify sucess: {"message_id":8215968511009732537} 
10:51:18.345 INFO  Notify sucess: {"message_id":5650583726437930864} 
10:51:18.387 INFO  Notify sucess: {"message_id":6014322790517861340} 
10:51:22.336 INFO  7 add data success to running crop 
10:51:23.168 INFO  Notify sucess: {"message_id":5429775548945811878} 
10:51:23.307 INFO  Notify sucess: {"message_id":6059913705235139837} 
10:51:23.327 INFO  Notify sucess: {"message_id":7632296622126718125} 
10:51:23.328 INFO  Notify sucess: {"message_id":6401926119580691721} 
10:51:28.450 INFO  7 add data success to running crop 
10:51:29.304 INFO  Notify sucess: {"message_id":8219648156261080866} 
10:51:30.982 INFO  Notify sucess: {"message_id":7451758447461353195} 
10:51:32.080 INFO  Notify sucess: {"message_id":7699661054243169558} 
10:51:32.117 INFO  Notify sucess: {"message_id":5463419386151446720} 
10:51:32.999 INFO  7 add data success to running crop 
10:51:33.960 INFO  Notify sucess: {"message_id":4985999106475267623} 
10:51:33.972 INFO  Notify sucess: {"message_id":9069193113570640571} 
10:51:34.822 INFO  Notify sucess: {"message_id":9126005457697952670} 
10:51:34.862 INFO  Notify sucess: {"message_id":7866216271395279280} 
10:51:37.567 INFO  7 add data success to running crop 
10:51:38.303 INFO  Notify sucess: {"message_id":6556417508535955816} 
10:51:38.463 INFO  Notify sucess: {"message_id":8318453153075438706} 
10:51:38.465 INFO  Notify sucess: {"message_id":5593868690582801383} 
10:51:38.466 INFO  Notify sucess: {"message_id":6082346115502473382} 
10:51:42.378 INFO  7 add data success to running crop 
10:51:43.041 INFO  Notify sucess: {"message_id":5450010630956379011} 
10:51:43.042 INFO  Notify sucess: {"message_id":8028564577240963644} 
10:51:43.322 INFO  Notify sucess: {"message_id":9091030136827691732} 
10:51:43.332 INFO  Notify sucess: {"message_id":5880306860733469082} 
10:52:00.980 INFO  subscribe success to device/112233445566/server 
10:52:01.119 INFO  Admin account was created 
10:52:39.362 ERROR Incoming data is not right format 
12:04:46.657 ERROR read ECONNRESET
SequelizeConnectionError: read ECONNRESET
    at D:\GitHub\Luan Van Tot Nghiep\Develop-new\node_modules\sequelize\lib\dialects\postgres\connection-manager.js:111:20
    at Client.<anonymous> (D:\GitHub\Luan Van Tot Nghiep\Develop-new\node_modules\pg\lib\client.js:203:5)
    at emitOne (events.js:96:13)
    at Connection.emit (events.js:188:7)
    at Socket.<anonymous> (D:\GitHub\Luan Van Tot Nghiep\Develop-new\node_modules\pg\lib\connection.js:86:10)
    at emitOne (events.js:96:13)
    at Socket.emit (events.js:188:7)
    at emitErrorNT (net.js:1281:8)
    at _combinedTickCallback (internal/process/next_tick.js:80:11)
    at process._tickCallback (internal/process/next_tick.js:104:9) 
12:05:22.314 INFO  subscribe success to device/112233445566/server 
12:05:22.366 INFO  Admin account was created 
12:08:18.461 INFO  Admin account was created 
12:08:18.492 INFO  subscribe success to device/112233445566/server 
12:14:56.511 INFO  subscribe success to device/112233445566/server 
12:14:56.859 INFO  Admin account was created 
13:08:12.194 INFO  Admin account was created 
13:08:12.199 INFO  subscribe success to device/112233445566/server 
13:10:45.760 INFO  Admin account was created 
13:10:45.808 INFO  subscribe success to device/112233445566/server 
13:12:09.844 INFO  subscribe success to device/112233445566/server 
13:12:09.907 INFO  Admin account was created 
13:16:40.214 INFO  Admin account was created 
13:16:40.227 INFO  subscribe success to device/112233445566/server 
13:23:30.692 INFO  subscribe success to device/112233445566/server 
13:23:30.736 INFO  Admin account was created 
13:26:38.587 INFO  subscribe success to device/112233445566/server 
13:26:38.671 INFO  Admin account was created 
13:27:52.504 INFO  subscribe success to device/112233445566/server 
13:27:52.629 INFO  Admin account was created 
13:28:23.309 ERROR Incoming data is not right format 
13:29:48.372 ERROR Incoming data is not right format 
13:30:04.534 ERROR Incoming data is not right format 
13:30:15.024 ERROR Incoming data is not right format 
14:26:47.108 INFO  subscribe success to device/112233445566/server 
14:26:47.206 INFO  Admin account was created 
14:34:01.561 INFO  subscribe success to device/112233445566/server 
14:34:01.716 INFO  Admin account was created 
14:34:14.795 ERROR Incoming data is not right format 
14:35:03.907 INFO  subscribe success to device/112233445566/server 
14:35:04.039 INFO  Admin account was created 
14:36:25.258 ERROR Incoming data is not right format 
14:42:35.409 INFO  subscribe success to device/112233445566/server 
14:42:35.550 INFO  Admin account was created 
14:51:09.243 INFO  subscribe success to device/112233445566/server 
14:51:09.368 INFO  Admin account was created 
14:55:33.286 INFO  subscribe success to device/112233445566/server 
14:55:33.429 INFO  Admin account was created 
15:01:10.517 INFO  Admin account was created 
15:01:10.568 INFO  subscribe success to device/112233445566/server 
15:03:58.109 INFO  subscribe success to device/112233445566/server 
15:03:58.214 INFO  Admin account was created 
