10:20:27.200 INFO  37 add data success to running crop 
10:20:31.229 INFO  Notify sucess: {"message_id":5758685573094382452} 
10:20:32.182 INFO  37 add data success to running crop 
10:20:37.173 INFO  37 add data success to running crop 
10:20:42.174 INFO  37 add data success to running crop 
10:20:47.182 INFO  37 add data success to running crop 
10:20:52.191 INFO  37 add data success to running crop 
10:20:57.177 INFO  37 add data success to running crop 
10:21:02.187 INFO  37 add data success to running crop 
10:21:07.190 INFO  37 add data success to running crop 
10:21:12.193 INFO  37 add data success to running crop 
10:21:17.204 INFO  37 add data success to running crop 
10:21:22.208 INFO  37 add data success to running crop 
10:21:27.213 INFO  37 add data success to running crop 
10:21:32.219 INFO  37 add data success to running crop 
10:21:37.220 INFO  37 add data success to running crop 
10:21:42.227 INFO  37 add data success to running crop 
10:21:47.225 INFO  37 add data success to running crop 
10:21:52.222 INFO  37 add data success to running crop 
10:21:57.240 INFO  37 add data success to running crop 
10:22:02.225 INFO  37 add data success to running crop 
10:22:07.244 INFO  37 add data success to running crop 
10:22:12.243 INFO  37 add data success to running crop 
10:22:17.690 INFO  37 add data success to running crop 
10:22:22.247 INFO  37 add data success to running crop 
10:22:27.252 INFO  37 add data success to running crop 
10:22:32.256 INFO  37 add data success to running crop 
10:22:37.257 INFO  37 add data success to running crop 
10:22:42.254 INFO  37 add data success to running crop 
10:22:47.263 INFO  37 add data success to running crop 
10:22:52.273 INFO  37 add data success to running crop 
10:22:57.282 INFO  37 add data success to running crop 
10:23:02.278 INFO  37 add data success to running crop 
10:23:07.284 INFO  37 add data success to running crop 
10:23:12.281 INFO  37 add data success to running crop 
10:23:17.288 INFO  37 add data success to running crop 
10:23:22.290 INFO  37 add data success to running crop 
10:23:27.302 INFO  37 add data success to running crop 
10:23:32.294 INFO  37 add data success to running crop 
10:23:37.295 INFO  37 add data success to running crop 
10:23:42.298 INFO  37 add data success to running crop 
10:23:48.352 INFO  37 add data success to running crop 
10:23:53.216 INFO  37 add data success to running crop 
10:23:58.220 INFO  37 add data success to running crop 
10:24:03.220 INFO  37 add data success to running crop 
10:24:08.227 INFO  37 add data success to running crop 
10:24:13.228 INFO  37 add data success to running crop 
10:24:18.241 INFO  37 add data success to running crop 
10:24:23.294 INFO  37 add data success to running crop 
10:24:28.249 INFO  37 add data success to running crop 
10:24:33.244 INFO  37 add data success to running crop 
10:24:38.265 INFO  37 add data success to running crop 
10:24:43.257 INFO  37 add data success to running crop 
10:24:48.270 INFO  37 add data success to running crop 
10:24:53.268 INFO  37 add data success to running crop 
10:24:58.271 INFO  37 add data success to running crop 
10:25:03.278 INFO  37 add data success to running crop 
10:25:08.279 INFO  37 add data success to running crop 
10:25:13.282 INFO  37 add data success to running crop 
10:25:18.293 INFO  37 add data success to running crop 
10:25:23.291 INFO  37 add data success to running crop 
10:25:28.292 INFO  37 add data success to running crop 
10:25:33.304 INFO  37 add data success to running crop 
10:25:38.304 INFO  37 add data success to running crop 
10:25:43.307 INFO  37 add data success to running crop 
10:25:48.318 INFO  37 add data success to running crop 
10:25:53.319 INFO  37 add data success to running crop 
10:25:58.324 INFO  37 add data success to running crop 
10:26:03.329 INFO  37 add data success to running crop 
10:26:08.324 INFO  37 add data success to running crop 
10:26:13.351 INFO  37 add data success to running crop 
10:26:18.331 INFO  37 add data success to running crop 
10:26:23.342 INFO  37 add data success to running crop 
10:26:28.335 INFO  37 add data success to running crop 
10:26:33.342 INFO  37 add data success to running crop 
10:26:38.344 INFO  37 add data success to running crop 
10:26:43.356 INFO  37 add data success to running crop 
10:26:48.363 INFO  37 add data success to running crop 
10:26:53.358 INFO  37 add data success to running crop 
10:26:58.356 INFO  37 add data success to running crop 
10:27:03.357 INFO  37 add data success to running crop 
10:27:08.361 INFO  37 add data success to running crop 
10:27:13.371 INFO  37 add data success to running crop 
10:27:18.379 INFO  37 add data success to running crop 
10:27:23.374 INFO  37 add data success to running crop 
10:27:28.381 INFO  37 add data success to running crop 
10:27:33.388 INFO  37 add data success to running crop 
10:27:38.379 INFO  37 add data success to running crop 
10:27:43.381 INFO  37 add data success to running crop 
10:27:48.392 INFO  37 add data success to running crop 
10:27:53.390 INFO  37 add data success to running crop 
10:27:58.403 INFO  37 add data success to running crop 
10:28:03.398 INFO  37 add data success to running crop 
10:28:08.403 INFO  37 add data success to running crop 
10:28:13.406 INFO  37 add data success to running crop 
10:28:18.414 INFO  37 add data success to running crop 
10:28:23.411 INFO  37 add data success to running crop 
10:28:28.424 INFO  37 add data success to running crop 
10:28:33.420 INFO  37 add data success to running crop 
10:28:38.427 INFO  37 add data success to running crop 
10:28:43.425 INFO  37 add data success to running crop 
10:28:48.437 INFO  37 add data success to running crop 
10:28:53.437 INFO  37 add data success to running crop 
10:28:58.436 INFO  37 add data success to running crop 
10:29:03.437 INFO  37 add data success to running crop 
10:29:08.504 INFO  37 add data success to running crop 
10:29:13.453 INFO  37 add data success to running crop 
10:29:18.453 INFO  37 add data success to running crop 
10:29:23.452 INFO  37 add data success to running crop 
10:29:28.458 INFO  37 add data success to running crop 
10:29:33.457 INFO  37 add data success to running crop 
10:29:38.456 INFO  37 add data success to running crop 
10:29:43.456 INFO  37 add data success to running crop 
10:29:48.485 INFO  37 add data success to running crop 
10:29:53.475 INFO  37 add data success to running crop 
10:29:58.482 INFO  37 add data success to running crop 
10:30:03.477 INFO  37 add data success to running crop 
10:30:08.481 INFO  37 add data success to running crop 
10:30:13.484 INFO  37 add data success to running crop 
10:30:18.484 INFO  37 add data success to running crop 
10:30:23.489 INFO  37 add data success to running crop 
10:30:28.498 INFO  37 add data success to running crop 
10:30:33.500 INFO  37 add data success to running crop 
10:30:38.497 INFO  37 add data success to running crop 
10:30:43.506 INFO  37 add data success to running crop 
10:30:48.510 INFO  37 add data success to running crop 
10:30:53.511 INFO  37 add data success to running crop 
10:30:58.516 INFO  37 add data success to running crop 
10:31:03.524 INFO  37 add data success to running crop 
10:31:08.534 INFO  37 add data success to running crop 
10:31:13.527 INFO  37 add data success to running crop 
10:31:18.538 INFO  37 add data success to running crop 
10:31:23.530 INFO  37 add data success to running crop 
10:31:28.541 INFO  37 add data success to running crop 
10:31:33.543 INFO  37 add data success to running crop 
10:31:38.549 INFO  37 add data success to running crop 
10:31:43.554 INFO  37 add data success to running crop 
10:31:48.558 INFO  37 add data success to running crop 
10:31:53.562 INFO  37 add data success to running crop 
10:31:58.570 INFO  37 add data success to running crop 
10:32:03.566 INFO  37 add data success to running crop 
10:32:08.570 INFO  37 add data success to running crop 
10:32:13.575 INFO  37 add data success to running crop 
10:32:18.582 INFO  37 add data success to running crop 
10:32:23.584 INFO  37 add data success to running crop 
10:32:28.590 INFO  37 add data success to running crop 
10:32:33.593 INFO  37 add data success to running crop 
10:32:38.593 INFO  37 add data success to running crop 
10:32:43.596 INFO  37 add data success to running crop 
10:32:48.610 INFO  37 add data success to running crop 
10:32:53.612 INFO  37 add data success to running crop 
10:32:58.614 INFO  37 add data success to running crop 
10:33:03.620 INFO  37 add data success to running crop 
10:33:08.621 INFO  37 add data success to running crop 
10:33:13.625 INFO  37 add data success to running crop 
10:33:18.629 INFO  37 add data success to running crop 
10:33:23.630 INFO  37 add data success to running crop 
10:33:28.678 INFO  37 add data success to running crop 
10:33:33.634 INFO  37 add data success to running crop 
10:33:38.647 INFO  37 add data success to running crop 
10:33:43.639 INFO  37 add data success to running crop 
10:33:48.643 INFO  37 add data success to running crop 
10:33:53.666 INFO  37 add data success to running crop 
10:33:58.663 INFO  37 add data success to running crop 
10:34:03.663 INFO  37 add data success to running crop 
10:34:08.659 INFO  37 add data success to running crop 
10:34:13.664 INFO  37 add data success to running crop 
10:34:18.671 INFO  37 add data success to running crop 
10:34:23.672 INFO  37 add data success to running crop 
10:34:28.674 INFO  37 add data success to running crop 
10:34:33.681 INFO  37 add data success to running crop 
10:34:38.683 INFO  37 add data success to running crop 
10:34:43.691 INFO  37 add data success to running crop 
10:34:48.693 INFO  37 add data success to running crop 
10:34:53.698 INFO  37 add data success to running crop 
10:34:58.700 INFO  37 add data success to running crop 
10:35:03.709 INFO  37 add data success to running crop 
10:35:08.708 INFO  37 add data success to running crop 
10:35:13.709 INFO  37 add data success to running crop 
10:35:18.711 INFO  37 add data success to running crop 
10:35:23.723 INFO  37 add data success to running crop 
10:35:28.744 INFO  37 add data success to running crop 
10:35:33.726 INFO  37 add data success to running crop 
10:35:38.726 INFO  37 add data success to running crop 
10:35:43.735 INFO  37 add data success to running crop 
10:35:48.743 INFO  37 add data success to running crop 
10:35:53.740 INFO  37 add data success to running crop 
10:35:58.745 INFO  37 add data success to running crop 
10:36:03.756 INFO  37 add data success to running crop 
10:36:08.752 INFO  37 add data success to running crop 
10:36:13.759 INFO  37 add data success to running crop 
10:36:18.756 INFO  37 add data success to running crop 
10:36:23.766 INFO  37 add data success to running crop 
10:36:28.770 INFO  37 add data success to running crop 
10:36:33.783 INFO  37 add data success to running crop 
10:36:38.776 INFO  37 add data success to running crop 
10:36:43.783 INFO  37 add data success to running crop 
10:36:48.782 INFO  37 add data success to running crop 
10:36:53.791 INFO  37 add data success to running crop 
10:36:58.789 INFO  37 add data success to running crop 
10:37:03.785 INFO  37 add data success to running crop 
10:37:08.794 INFO  37 add data success to running crop 
10:37:13.797 INFO  37 add data success to running crop 
10:37:18.801 INFO  37 add data success to running crop 
10:37:23.801 INFO  37 add data success to running crop 
10:37:28.808 INFO  37 add data success to running crop 
10:37:33.813 INFO  37 add data success to running crop 
10:37:38.814 INFO  37 add data success to running crop 
10:37:43.824 INFO  37 add data success to running crop 
10:37:48.825 INFO  37 add data success to running crop 
10:37:53.825 INFO  37 add data success to running crop 
10:37:58.838 INFO  37 add data success to running crop 
10:38:03.827 INFO  37 add data success to running crop 
10:38:08.837 INFO  37 add data success to running crop 
10:38:13.832 INFO  37 add data success to running crop 
10:38:18.832 INFO  37 add data success to running crop 
10:38:23.845 INFO  37 add data success to running crop 
10:38:28.843 INFO  37 add data success to running crop 
10:38:33.855 INFO  37 add data success to running crop 
10:38:38.848 INFO  37 add data success to running crop 
10:38:43.852 INFO  37 add data success to running crop 
10:38:48.856 INFO  37 add data success to running crop 
10:38:53.860 INFO  37 add data success to running crop 
10:38:58.878 INFO  37 add data success to running crop 
10:39:03.869 INFO  37 add data success to running crop 
10:39:08.878 INFO  37 add data success to running crop 
10:39:13.879 INFO  37 add data success to running crop 
10:39:18.896 INFO  37 add data success to running crop 
10:39:23.895 INFO  37 add data success to running crop 
10:39:28.895 INFO  37 add data success to running crop 
10:39:33.897 INFO  37 add data success to running crop 
10:39:38.901 INFO  37 add data success to running crop 
10:39:43.897 INFO  37 add data success to running crop 
10:39:48.911 INFO  37 add data success to running crop 
10:39:53.912 INFO  37 add data success to running crop 
10:39:58.911 INFO  37 add data success to running crop 
10:40:03.911 INFO  37 add data success to running crop 
10:40:08.922 INFO  37 add data success to running crop 
10:40:13.913 INFO  37 add data success to running crop 
10:40:18.927 INFO  37 add data success to running crop 
10:40:23.926 INFO  37 add data success to running crop 
10:40:28.924 INFO  37 add data success to running crop 
10:40:33.934 INFO  37 add data success to running crop 
10:40:38.934 INFO  37 add data success to running crop 
10:40:43.942 INFO  37 add data success to running crop 
10:40:48.944 INFO  37 add data success to running crop 
10:40:53.937 INFO  37 add data success to running crop 
10:40:58.944 INFO  37 add data success to running crop 
10:41:03.951 INFO  37 add data success to running crop 
10:41:08.951 INFO  37 add data success to running crop 
10:41:13.953 INFO  37 add data success to running crop 
10:41:18.964 INFO  37 add data success to running crop 
10:41:23.960 INFO  37 add data success to running crop 
10:41:28.963 INFO  37 add data success to running crop 
10:41:33.972 INFO  37 add data success to running crop 
10:41:38.976 INFO  37 add data success to running crop 
10:41:43.973 INFO  37 add data success to running crop 
10:41:48.979 INFO  37 add data success to running crop 
10:41:53.986 INFO  37 add data success to running crop 
10:41:58.994 INFO  37 add data success to running crop 
10:42:03.994 INFO  37 add data success to running crop 
10:42:09.002 INFO  37 add data success to running crop 
10:42:14.003 INFO  37 add data success to running crop 
10:42:19.006 INFO  37 add data success to running crop 
10:42:24.017 INFO  37 add data success to running crop 
10:42:29.054 INFO  37 add data success to running crop 
10:42:34.016 INFO  37 add data success to running crop 
10:42:39.022 INFO  37 add data success to running crop 
10:42:44.039 INFO  37 add data success to running crop 
10:42:49.037 INFO  37 add data success to running crop 
10:42:54.043 INFO  37 add data success to running crop 
10:42:59.049 INFO  37 add data success to running crop 
10:43:04.043 INFO  37 add data success to running crop 
10:43:09.047 INFO  37 add data success to running crop 
10:43:14.049 INFO  37 add data success to running crop 
10:43:19.050 INFO  37 add data success to running crop 
10:43:24.056 INFO  37 add data success to running crop 
10:43:29.062 INFO  37 add data success to running crop 
10:43:34.070 INFO  37 add data success to running crop 
10:43:39.062 INFO  37 add data success to running crop 
10:43:44.070 INFO  37 add data success to running crop 
10:43:49.074 INFO  37 add data success to running crop 
10:43:54.077 INFO  37 add data success to running crop 
10:43:59.081 INFO  37 add data success to running crop 
10:44:04.090 INFO  37 add data success to running crop 
10:44:09.086 INFO  37 add data success to running crop 
10:44:14.413 INFO  37 add data success to running crop 
10:44:19.114 INFO  37 add data success to running crop 
10:44:24.099 INFO  37 add data success to running crop 
10:44:29.113 INFO  37 add data success to running crop 
10:44:34.113 INFO  37 add data success to running crop 
10:44:39.114 INFO  37 add data success to running crop 
10:44:44.124 INFO  37 add data success to running crop 
10:44:49.139 INFO  37 add data success to running crop 
10:44:54.139 INFO  37 add data success to running crop 
10:44:59.136 INFO  37 add data success to running crop 
10:45:04.137 INFO  37 add data success to running crop 
10:45:09.149 INFO  37 add data success to running crop 
10:45:14.150 INFO  37 add data success to running crop 
10:45:19.145 INFO  37 add data success to running crop 
10:45:24.154 INFO  37 add data success to running crop 
10:45:29.151 INFO  37 add data success to running crop 
10:45:34.167 INFO  37 add data success to running crop 
10:45:39.158 INFO  37 add data success to running crop 
10:45:44.162 INFO  37 add data success to running crop 
10:45:49.172 INFO  37 add data success to running crop 
10:45:54.172 INFO  37 add data success to running crop 
10:45:59.175 INFO  37 add data success to running crop 
10:46:04.182 INFO  37 add data success to running crop 
10:46:09.183 INFO  37 add data success to running crop 
10:46:14.209 INFO  37 add data success to running crop 
10:46:19.198 INFO  37 add data success to running crop 
10:46:24.189 INFO  37 add data success to running crop 
10:46:29.195 INFO  37 add data success to running crop 
10:46:34.194 INFO  37 add data success to running crop 
10:46:39.193 INFO  37 add data success to running crop 
10:46:44.199 INFO  37 add data success to running crop 
10:46:49.204 INFO  37 add data success to running crop 
10:46:54.212 INFO  37 add data success to running crop 
10:46:59.206 INFO  37 add data success to running crop 
10:47:04.212 INFO  37 add data success to running crop 
10:47:09.210 INFO  37 add data success to running crop 
10:47:14.205 INFO  37 add data success to running crop 
10:47:19.221 INFO  37 add data success to running crop 
10:47:24.230 INFO  37 add data success to running crop 
10:47:29.223 INFO  37 add data success to running crop 
10:47:34.224 INFO  37 add data success to running crop 
10:47:39.240 INFO  37 add data success to running crop 
10:47:44.239 INFO  37 add data success to running crop 
10:47:49.273 INFO  37 add data success to running crop 
10:47:54.244 INFO  37 add data success to running crop 
10:47:59.249 INFO  37 add data success to running crop 
10:48:04.255 INFO  37 add data success to running crop 
10:48:09.280 INFO  37 add data success to running crop 
10:48:14.258 INFO  37 add data success to running crop 
10:48:19.265 INFO  37 add data success to running crop 
10:48:24.269 INFO  37 add data success to running crop 
10:48:29.270 INFO  37 add data success to running crop 
10:48:34.273 INFO  37 add data success to running crop 
10:48:39.278 INFO  37 add data success to running crop 
10:48:44.288 INFO  37 add data success to running crop 
10:48:49.278 INFO  37 add data success to running crop 
10:48:54.288 INFO  37 add data success to running crop 
10:48:59.295 INFO  37 add data success to running crop 
10:49:04.288 INFO  37 add data success to running crop 
10:49:09.299 INFO  37 add data success to running crop 
10:49:14.309 INFO  37 add data success to running crop 
10:49:19.307 INFO  37 add data success to running crop 
10:49:24.310 INFO  37 add data success to running crop 
10:49:29.302 INFO  37 add data success to running crop 
10:49:34.307 INFO  37 add data success to running crop 
10:49:39.308 INFO  37 add data success to running crop 
10:49:44.314 INFO  37 add data success to running crop 
10:49:49.326 INFO  37 add data success to running crop 
10:49:54.320 INFO  37 add data success to running crop 
10:49:59.325 INFO  37 add data success to running crop 
10:50:04.330 INFO  37 add data success to running crop 
10:50:09.330 INFO  37 add data success to running crop 
10:50:14.342 INFO  37 add data success to running crop 
10:50:19.338 INFO  37 add data success to running crop 
10:50:24.344 INFO  37 add data success to running crop 
10:50:29.351 INFO  37 add data success to running crop 
10:50:34.352 INFO  37 add data success to running crop 
10:50:39.355 INFO  37 add data success to running crop 
10:50:44.359 INFO  37 add data success to running crop 
10:50:49.367 INFO  37 add data success to running crop 
10:50:54.368 INFO  37 add data success to running crop 
10:50:59.363 INFO  37 add data success to running crop 
10:51:04.375 INFO  37 add data success to running crop 
10:51:09.383 INFO  37 add data success to running crop 
10:51:14.376 INFO  37 add data success to running crop 
10:51:19.383 INFO  37 add data success to running crop 
10:51:24.385 INFO  37 add data success to running crop 
10:51:29.386 INFO  37 add data success to running crop 
10:51:34.433 INFO  37 add data success to running crop 
10:51:39.394 INFO  37 add data success to running crop 
10:51:44.410 INFO  37 add data success to running crop 
10:51:49.413 INFO  37 add data success to running crop 
10:51:54.450 INFO  37 add data success to running crop 
10:51:59.411 INFO  37 add data success to running crop 
10:52:04.414 INFO  37 add data success to running crop 
10:52:09.411 INFO  37 add data success to running crop 
10:52:14.420 INFO  37 add data success to running crop 
10:52:19.420 INFO  37 add data success to running crop 
10:52:24.421 INFO  37 add data success to running crop 
10:52:29.426 INFO  37 add data success to running crop 
10:52:34.430 INFO  37 add data success to running crop 
10:52:39.432 INFO  37 add data success to running crop 
10:52:44.439 INFO  37 add data success to running crop 
10:52:49.442 INFO  37 add data success to running crop 
10:52:50.950 ERROR Incoming data is not right format 
10:52:51.199 ERROR Incoming data is not right format 
10:52:51.449 ERROR Incoming data is not right format 
10:52:54.450 INFO  37 add data success to running crop 
10:52:59.445 INFO  37 add data success to running crop 
10:53:04.447 INFO  37 add data success to running crop 
10:53:09.463 INFO  37 add data success to running crop 
10:53:14.457 INFO  37 add data success to running crop 
10:53:19.462 INFO  37 add data success to running crop 
10:53:24.484 INFO  37 add data success to running crop 
10:53:29.473 INFO  37 add data success to running crop 
10:53:34.559 INFO  37 add data success to running crop 
10:53:39.477 INFO  37 add data success to running crop 
10:53:44.476 INFO  37 add data success to running crop 
10:53:49.486 INFO  37 add data success to running crop 
10:53:54.494 INFO  37 add data success to running crop 
10:53:56.524 ERROR Incoming data is not right format 
10:53:59.494 INFO  37 add data success to running crop 
10:54:04.493 INFO  37 add data success to running crop 
10:54:09.503 INFO  37 add data success to running crop 
10:54:14.500 INFO  37 add data success to running crop 
10:54:19.503 INFO  37 add data success to running crop 
10:54:24.504 INFO  37 add data success to running crop 
10:54:29.513 INFO  37 add data success to running crop 
10:54:34.509 INFO  37 add data success to running crop 
10:54:39.548 INFO  37 add data success to running crop 
10:54:44.514 INFO  37 add data success to running crop 
10:54:49.521 INFO  37 add data success to running crop 
10:54:54.531 INFO  37 add data success to running crop 
10:54:59.532 INFO  37 add data success to running crop 
10:55:04.551 INFO  37 add data success to running crop 
10:55:09.547 INFO  37 add data success to running crop 
10:55:14.545 INFO  37 add data success to running crop 
10:55:19.564 INFO  37 add data success to running crop 
10:55:24.559 INFO  37 add data success to running crop 
10:55:29.580 INFO  37 add data success to running crop 
10:55:34.560 INFO  37 add data success to running crop 
10:55:39.567 INFO  37 add data success to running crop 
10:55:44.572 INFO  37 add data success to running crop 
10:55:49.575 INFO  37 add data success to running crop 
10:55:54.573 INFO  37 add data success to running crop 
10:55:59.594 INFO  37 add data success to running crop 
10:56:04.588 INFO  37 add data success to running crop 
10:56:09.596 INFO  37 add data success to running crop 
10:56:14.596 INFO  37 add data success to running crop 
10:56:19.596 INFO  37 add data success to running crop 
10:56:24.604 INFO  37 add data success to running crop 
10:56:29.603 INFO  37 add data success to running crop 
10:56:34.614 INFO  37 add data success to running crop 
10:56:39.614 INFO  37 add data success to running crop 
10:56:44.616 INFO  37 add data success to running crop 
10:56:49.621 INFO  37 add data success to running crop 
10:56:54.625 INFO  37 add data success to running crop 
10:56:59.629 INFO  37 add data success to running crop 
10:57:04.639 INFO  37 add data success to running crop 
10:57:09.641 INFO  37 add data success to running crop 
10:57:14.640 INFO  37 add data success to running crop 
10:57:19.644 INFO  37 add data success to running crop 
10:57:24.644 INFO  37 add data success to running crop 
10:57:29.646 INFO  37 add data success to running crop 
10:57:34.651 INFO  37 add data success to running crop 
10:57:39.645 INFO  37 add data success to running crop 
10:57:40.769 ERROR Incoming data is not right format 
10:57:41.526 ERROR Incoming data is not right format 
10:57:42.291 ERROR Incoming data is not right format 
10:57:42.302 ERROR client disconnecting
Error: client disconnecting
    at MqttClient._checkDisconnecting (/home/thach/Documents/TTTN/hydroponic/node_modules/mqtt/lib/client.js:333:16)
    at MqttClient.publish (/home/thach/Documents/TTTN/hydroponic/node_modules/mqtt/lib/client.js:373:12)
    at MqttClient.<anonymous> (/home/thach/Documents/TTTN/hydroponic/routes/crop.js:295:25)
    at emitThree (events.js:121:20)
    at MqttClient.emit (events.js:194:7)
    at MqttClient._handlePublish (/home/thach/Documents/TTTN/hydroponic/node_modules/mqtt/lib/client.js:886:12)
    at MqttClient._handlePacket (/home/thach/Documents/TTTN/hydroponic/node_modules/mqtt/lib/client.js:301:12)
    at process (/home/thach/Documents/TTTN/hydroponic/node_modules/mqtt/lib/client.js:257:12)
    at Writable.writable._write (/home/thach/Documents/TTTN/hydroponic/node_modules/mqtt/lib/client.js:267:5)
    at doWrite (/home/thach/Documents/TTTN/hydroponic/node_modules/mqtt/node_modules/readable-stream/lib/_stream_writable.js:406:64)
    at writeOrBuffer (/home/thach/Documents/TTTN/hydroponic/node_modules/mqtt/node_modules/readable-stream/lib/_stream_writable.js:395:5)
    at Writable.write (/home/thach/Documents/TTTN/hydroponic/node_modules/mqtt/node_modules/readable-stream/lib/_stream_writable.js:322:11)
    at Socket.ondata (_stream_readable.js:555:20)
    at emitOne (events.js:96:13)
    at Socket.emit (events.js:188:7)
    at readableAddChunk (_stream_readable.js:176:18)
    at Socket.Readable.push (_stream_readable.js:134:10)
    at TCP.onread (net.js:547:20) 
10:57:44.644 INFO  No running crop 
10:57:49.644 INFO  No running crop 
10:57:54.648 INFO  No running crop 
10:57:59.652 INFO  No running crop 
10:58:01.110 ERROR Incoming data is not right format 
10:58:04.666 INFO  38 add data success to running crop 
10:58:09.668 INFO  38 add data success to running crop 
10:58:14.678 INFO  38 add data success to running crop 
10:58:19.688 INFO  38 add data success to running crop 
10:58:24.683 INFO  38 add data success to running crop 
10:58:29.687 INFO  38 add data success to running crop 
10:58:34.691 INFO  38 add data success to running crop 
10:58:39.706 INFO  38 add data success to running crop 
10:58:44.708 INFO  38 add data success to running crop 
10:58:49.709 INFO  38 add data success to running crop 
10:58:54.712 INFO  38 add data success to running crop 
10:58:59.785 INFO  38 add data success to running crop 
10:59:04.720 INFO  38 add data success to running crop 
10:59:09.723 INFO  38 add data success to running crop 
10:59:14.750 INFO  38 add data success to running crop 
10:59:19.775 INFO  38 add data success to running crop 
10:59:24.744 INFO  38 add data success to running crop 
10:59:29.741 INFO  38 add data success to running crop 
10:59:34.745 INFO  38 add data success to running crop 
10:59:39.755 INFO  38 add data success to running crop 
10:59:44.760 INFO  38 add data success to running crop 
10:59:49.759 INFO  38 add data success to running crop 
10:59:54.769 INFO  38 add data success to running crop 
11:00:00.216 INFO  38 add data success to running crop 
11:00:04.772 INFO  38 add data success to running crop 
11:00:09.776 INFO  38 add data success to running crop 
11:00:14.783 INFO  38 add data success to running crop 
11:00:19.793 INFO  38 add data success to running crop 
11:00:24.783 INFO  38 add data success to running crop 
11:00:29.790 INFO  38 add data success to running crop 
11:00:34.791 INFO  38 add data success to running crop 
11:00:39.795 INFO  38 add data success to running crop 
11:00:44.804 INFO  38 add data success to running crop 
11:00:49.821 INFO  38 add data success to running crop 
11:00:54.811 INFO  38 add data success to running crop 
11:00:59.808 INFO  38 add data success to running crop 
11:01:04.814 INFO  38 add data success to running crop 
11:01:09.816 INFO  38 add data success to running crop 
11:01:14.824 INFO  38 add data success to running crop 
11:01:19.819 INFO  38 add data success to running crop 
11:01:24.848 INFO  38 add data success to running crop 
11:01:29.833 INFO  38 add data success to running crop 
11:01:34.836 INFO  38 add data success to running crop 
11:01:39.840 INFO  38 add data success to running crop 
11:01:44.842 INFO  38 add data success to running crop 
11:01:49.859 INFO  38 add data success to running crop 
11:01:54.852 INFO  38 add data success to running crop 
11:01:59.855 INFO  38 add data success to running crop 
11:02:04.860 INFO  38 add data success to running crop 
11:02:09.862 INFO  38 add data success to running crop 
11:02:14.871 INFO  38 add data success to running crop 
11:02:19.876 INFO  38 add data success to running crop 
11:02:24.883 INFO  38 add data success to running crop 
11:02:29.884 INFO  38 add data success to running crop 
11:02:34.886 INFO  38 add data success to running crop 
11:02:39.891 INFO  38 add data success to running crop 
11:02:44.890 INFO  38 add data success to running crop 
11:02:49.903 INFO  38 add data success to running crop 
11:02:54.909 INFO  38 add data success to running crop 
11:02:59.905 INFO  38 add data success to running crop 
11:03:04.913 INFO  38 add data success to running crop 
11:03:09.921 INFO  38 add data success to running crop 
11:03:14.918 INFO  38 add data success to running crop 
11:03:19.925 INFO  38 add data success to running crop 
11:03:24.924 INFO  38 add data success to running crop 
11:03:29.926 INFO  38 add data success to running crop 
11:03:34.935 INFO  38 add data success to running crop 
11:03:39.944 INFO  38 add data success to running crop 
11:03:44.941 INFO  38 add data success to running crop 
11:03:49.944 INFO  38 add data success to running crop 
11:03:54.953 INFO  38 add data success to running crop 
11:03:59.957 INFO  38 add data success to running crop 
11:04:04.958 INFO  38 add data success to running crop 
11:04:09.965 INFO  38 add data success to running crop 
11:04:14.972 INFO  38 add data success to running crop 
11:04:19.969 INFO  38 add data success to running crop 
11:04:24.970 INFO  38 add data success to running crop 
11:04:29.980 INFO  38 add data success to running crop 
11:04:35.006 INFO  38 add data success to running crop 
11:04:39.996 INFO  38 add data success to running crop 
11:04:44.997 INFO  38 add data success to running crop 
11:04:49.996 INFO  38 add data success to running crop 
11:04:55.009 INFO  38 add data success to running crop 
11:05:00.011 INFO  38 add data success to running crop 
11:05:05.014 INFO  38 add data success to running crop 
11:05:10.018 INFO  38 add data success to running crop 
11:05:15.017 INFO  38 add data success to running crop 
11:05:20.016 INFO  38 add data success to running crop 
11:05:25.022 INFO  38 add data success to running crop 
11:05:30.039 INFO  38 add data success to running crop 
11:05:35.027 INFO  38 add data success to running crop 
11:05:40.040 INFO  38 add data success to running crop 
11:05:45.043 INFO  38 add data success to running crop 
11:05:50.044 INFO  38 add data success to running crop 
11:05:55.043 INFO  38 add data success to running crop 
11:06:00.052 INFO  38 add data success to running crop 
11:06:05.058 INFO  38 add data success to running crop 
11:06:10.052 INFO  38 add data success to running crop 
11:06:15.069 INFO  38 add data success to running crop 
11:06:20.060 INFO  38 add data success to running crop 
11:06:25.069 INFO  38 add data success to running crop 
11:06:30.086 INFO  38 add data success to running crop 
11:06:35.075 INFO  38 add data success to running crop 
11:06:40.090 INFO  38 add data success to running crop 
11:06:45.103 INFO  38 add data success to running crop 
11:06:50.085 INFO  38 add data success to running crop 
11:06:55.098 INFO  38 add data success to running crop 
11:07:00.095 INFO  38 add data success to running crop 
11:07:05.106 INFO  38 add data success to running crop 
11:07:10.110 INFO  38 add data success to running crop 
11:07:15.112 INFO  38 add data success to running crop 
11:07:20.121 INFO  38 add data success to running crop 
11:07:25.127 INFO  38 add data success to running crop 
11:07:30.130 INFO  38 add data success to running crop 
11:07:35.141 INFO  38 add data success to running crop 
11:07:40.167 INFO  38 add data success to running crop 
11:07:45.149 INFO  38 add data success to running crop 
11:07:50.133 INFO  38 add data success to running crop 
11:07:55.151 INFO  38 add data success to running crop 
11:08:00.159 INFO  38 add data success to running crop 
11:08:05.158 INFO  38 add data success to running crop 
11:08:10.157 INFO  38 add data success to running crop 
11:08:15.162 INFO  38 add data success to running crop 
11:08:20.169 INFO  38 add data success to running crop 
11:08:25.162 INFO  38 add data success to running crop 
11:08:30.173 INFO  38 add data success to running crop 
11:08:35.191 INFO  38 add data success to running crop 
11:08:40.177 INFO  38 add data success to running crop 
11:08:45.184 INFO  38 add data success to running crop 
11:08:50.186 INFO  38 add data success to running crop 
11:08:55.198 INFO  38 add data success to running crop 
11:09:00.198 INFO  38 add data success to running crop 
11:09:05.194 INFO  38 add data success to running crop 
11:09:10.200 INFO  38 add data success to running crop 
11:09:15.197 INFO  38 add data success to running crop 
11:09:20.204 INFO  38 add data success to running crop 
11:09:25.216 INFO  38 add data success to running crop 
11:09:30.206 INFO  38 add data success to running crop 
11:09:35.225 INFO  38 add data success to running crop 
11:09:40.224 INFO  38 add data success to running crop 
11:09:45.215 INFO  38 add data success to running crop 
11:09:50.225 INFO  38 add data success to running crop 
11:09:55.225 INFO  38 add data success to running crop 
11:09:56.285 ERROR Incoming data is not right format 
11:10:00.233 INFO  38 add data success to running crop 
11:10:05.231 INFO  38 add data success to running crop 
11:10:10.253 INFO  38 add data success to running crop 
11:10:15.260 INFO  38 add data success to running crop 
11:10:20.244 INFO  38 add data success to running crop 
11:10:25.239 INFO  38 add data success to running crop 
11:10:30.252 INFO  38 add data success to running crop 
11:10:35.250 INFO  38 add data success to running crop 
11:10:40.256 INFO  38 add data success to running crop 
11:10:45.319 INFO  38 add data success to running crop 
11:10:50.259 INFO  38 add data success to running crop 
11:10:55.297 INFO  38 add data success to running crop 
11:11:00.277 INFO  38 add data success to running crop 
11:11:05.293 INFO  38 add data success to running crop 
11:11:10.291 INFO  38 add data success to running crop 
11:11:15.282 INFO  38 add data success to running crop 
11:11:20.293 INFO  38 add data success to running crop 
11:11:25.308 INFO  38 add data success to running crop 
11:11:30.293 INFO  38 add data success to running crop 
11:11:35.304 INFO  38 add data success to running crop 
11:11:40.308 INFO  38 add data success to running crop 
11:11:45.306 INFO  38 add data success to running crop 
11:11:50.311 INFO  38 add data success to running crop 
11:11:55.323 INFO  38 add data success to running crop 
11:12:00.323 INFO  38 add data success to running crop 
11:12:05.325 INFO  38 add data success to running crop 
11:12:10.330 INFO  38 add data success to running crop 
11:12:15.325 INFO  38 add data success to running crop 
